[debug] [2023-02-28T16:58:34.642Z] ----------------------------------------------------------------------
[debug] [2023-02-28T16:58:34.644Z] Command:       C:\Program Files\nodejs\node.exe C:\Users\Neeha\AppData\Roaming\npm\node_modules\firebase-tools\lib\bin\firebase.js init
[debug] [2023-02-28T16:58:34.645Z] CLI Version:   11.24.0
[debug] [2023-02-28T16:58:34.645Z] Platform:      win32
[debug] [2023-02-28T16:58:34.645Z] Node Version:  v16.13.1
[debug] [2023-02-28T16:58:34.647Z] Time:          Tue Feb 28 2023 22:28:34 GMT+0530 (India Standard Time)
[debug] [2023-02-28T16:58:34.647Z] ----------------------------------------------------------------------
[debug] 
[debug] [2023-02-28T16:58:34.656Z] > command requires scopes: ["email","openid","https://www.googleapis.com/auth/cloudplatformprojects.readonly","https://www.googleapis.com/auth/firebase","https://www.googleapis.com/auth/cloud-platform"]
[debug] [2023-02-28T16:58:34.656Z] > authorizing via signed-in user (neehabathula@gmail.com)
[info] 
     ######## #### ########  ######## ########     ###     ######  ########
     ##        ##  ##     ## ##       ##     ##  ##   ##  ##       ##
     ######    ##  ########  ######   ########  #########  ######  ######
     ##        ##  ##    ##  ##       ##     ## ##     ##       ## ##
     ##       #### ##     ## ######## ########  ##     ##  ######  ########

You're about to initialize a Firebase project in this directory:

  C:\Projects\chat4you

Before we get started, keep in mind:

  * You are currently outside your home directory

